<?xml version="1.0" encoding="utf-8"?><testsuites name="pytest tests"><testsuite name="pytest" errors="0" failures="0" skipped="0" tests="11" time="25.563" timestamp="2026-08-21T06:20:48.768175+00:00" hostname="agent-env-9968997e-7efd-48f1-ac95-332e21f7ead1"><testcase classname="tests.test_analyze_and_room_edit.TestAnalyzeBody" name="test_requires_auth" time="0.405" /><testcase classname="tests.test_analyze_and_room_edit.TestRoomEdit" name="test_requires_auth" time="0.377" /><testcase classname="tests.test_analyze_and_room_edit.TestRoomEdit" name="test_non_room_product_400" time="0.650" /><testcase classname="tests.test_analyze_and_room_edit.TestAnalyzeBody" name="test_with_measurements" time="0.786" /><testcase classname="tests.test_analyze_and_room_edit.TestRoomEdit" name="test_unknown_product_404" time="0.125" /><testcase classname="tests.test_analyze_and_room_edit.TestRoomEdit" name="test_happy_path_p8" time="8.030" /><testcase classname="tests.test_analyze_and_room_edit.TestAnalyzeBody" name="test_with_image_only_estimates" time="3.670" /><testcase classname="tests.test_analyze_and_room_edit.TestAnalyzeRoom" name="test_requires_auth" time="0.111" /><testcase classname="tests.test_analyze_and_room_edit.TestAnalyzeRoom" name="test_unknown_product_404" time="0.209" /><testcase classname="tests.test_analyze_and_room_edit.TestAnalyzeRoom" name="test_ok_p7" time="5.483" /><testcase classname="tests.test_analyze_and_room_edit.TestTryOnEditRegression" name="test_p1_ok" time="15.865" /></testsuite></testsuites>