<?xml version="1.0" encoding="utf-8"?><testsuites name="pytest tests"><testsuite name="pytest" errors="0" failures="0" skipped="0" tests="25" time="5.442" timestamp="2026-08-20T20:38:13.799135+00:00" hostname="agent-env-9968997e-7efd-48f1-ac95-332e21f7ead1"><testcase classname="tests.backend_test.TestVisualize" name="test_validate_tryon_ok" time="0.634" /><testcase classname="tests.backend_test.TestCatalog" name="test_products_default_sort_ai_match" time="0.629" /><testcase classname="tests.backend_test.TestCatalog" name="test_products_search" time="0.201" /><testcase classname="tests.backend_test.TestVisualize" name="test_validate_tryon_fail" time="0.113" /><testcase classname="tests.backend_test.TestVisualize" name="test_validate_room_fail" time="0.140" /><testcase classname="tests.backend_test.TestCatalog" name="test_products_category_filter" time="0.129" /><testcase classname="tests.backend_test.TestCatalog" name="test_products_sort_price_asc" time="0.255" /><testcase classname="tests.backend_test.TestCatalog" name="test_products_sort_rating" time="0.085" /><testcase classname="tests.backend_test.TestVisualize" name="test_generate_tryon" time="0.425" /><testcase classname="tests.backend_test.TestCatalog" name="test_get_product_ok" time="0.087" /><testcase classname="tests.backend_test.TestVisualize" name="test_generate_room" time="0.138" /><testcase classname="tests.backend_test.TestCatalog" name="test_get_product_404" time="0.117" /><testcase classname="tests.backend_test.TestVisualize" name="test_generate_tryon_disallowed" time="0.100" /><testcase classname="tests.backend_test.TestCatalog" name="test_categories" time="0.087" /><testcase classname="tests.backend_test.TestVisualize" name="test_generate_requires_auth" time="0.215" /><testcase classname="tests.backend_test.TestCatalog" name="test_recommendations" time="0.086" /><testcase classname="tests.backend_test.TestCatalog" name="test_assess_requires_auth" time="0.420" /><testcase classname="tests.backend_test.TestAuth" name="test_login_admin" time="0.329" /><testcase classname="tests.backend_test.TestAuth" name="test_login_invalid" time="0.567" /><testcase classname="tests.backend_test.TestCatalog" name="test_assess_ok" time="0.556" /><testcase classname="tests.backend_test.TestAuth" name="test_register_and_me" time="0.688" /><testcase classname="tests.backend_test.TestCart" name="test_full_cart_flow" time="1.234" /><testcase classname="tests.backend_test.TestAuth" name="test_register_duplicate" time="0.468" /><testcase classname="tests.backend_test.TestAuth" name="test_me_unauthenticated" time="0.379" /><testcase classname="tests.backend_test.TestWishlist" name="test_full_wishlist_flow" time="0.727" /></testsuite></testsuites>