<?xml version="1.0" encoding="utf-8"?><testsuites name="pytest tests"><testsuite name="pytest" errors="0" failures="0" skipped="0" tests="5" time="8.568" timestamp="2026-08-20T20:56:45.870909+00:00" hostname="agent-env-9968997e-7efd-48f1-ac95-332e21f7ead1"><testcase classname="tests.test_tryon_edit.TestTryOnEdit" name="test_requires_auth" time="0.410" /><testcase classname="tests.test_tryon_edit.TestTryOnEdit" name="test_non_tryon_product_400" time="0.699" /><testcase classname="tests.test_tryon_edit.TestTryOnEdit" name="test_unknown_product_404" time="0.151" /><testcase classname="tests.test_tryon_edit.TestTryOnEdit" name="test_empty_image_400" time="0.259" /><testcase classname="tests.test_tryon_edit.TestTryOnEdit" name="test_happy_path_p1" time="6.541" /></testsuite></testsuites>